<?xml version="1.0" encoding="UTF-8"?>
<!-- Generated by org.testng.reporters.JUnitReportReporter -->
<testsuite hostname="DESKTOP-3Q6AHPK" failures="0" tests="3" name="Test.CrossBrowser" time="87.254" errors="0" timestamp="2024-10-24T16:03:58 IST" skipped="0">
  <testcase classname="Test.CrossBrowser" name="VerifyTitle" time="23.663"/>
  <testcase classname="Test.CrossBrowser" name="VerifyTitle" time="41.764"/>
  <testcase classname="Test.CrossBrowser" name="VerifyTitle" time="21.827"/>
</testsuite> <!-- Test.CrossBrowser -->
